<?xml version="1.0" encoding="UTF-8"?>
<!-- Generated by org.testng.reporters.JUnitReportReporter -->
<testsuite hostname="PCA99966" name="com.quidco.tests.JoinNowTest" tests="1" failures="0" timestamp="18 Sep 2017 21:59:38 GMT" time="11.253" errors="0">
  <testcase name="joinNowValidTest" time="11.253" classname="com.quidco.tests.JoinNowTest"/>
</testsuite> <!-- com.quidco.tests.JoinNowTest -->
