<?xml version="1.0" encoding="UTF-8"?>
<!-- Generated by org.testng.reporters.JUnitReportReporter -->
<testsuite hostname="PCA99966" name="com.quidco.tests.JoinNowTests" tests="2" failures="0" timestamp="19 Sep 2017 08:56:44 GMT" time="25.396" errors="0">
  <testcase name="joinNowValidTest" time="15.892" classname="com.quidco.tests.JoinNowTests"/>
  <testcase name="joinNowInvaliddetailsTest" time="9.504" classname="com.quidco.tests.JoinNowTests"/>
</testsuite> <!-- com.quidco.tests.JoinNowTests -->
